<?xml version="1.0" encoding="UTF-8"?>
<!-- Generated by org.testng.reporters.JUnitReportReporter -->
<testsuite hostname="DESKTOP-JS5K8EU" failures="0" tests="1" name="com.sportyshoe.restAssuredScripts.delete" time="1.618" errors="0" timestamp="2023-11-14T16:09:25 IST" skipped="0">
  <testcase classname="com.sportyshoe.restAssuredScripts.delete" name="delete_product" time="1.618"/>
  <system-out/>
</testsuite> <!-- com.sportyshoe.restAssuredScripts.delete -->
