<?xml version="1.0" encoding="UTF-8"?>
<!-- Generated by org.testng.reporters.JUnitReportReporter -->
<testsuite hostname="DESKTOP-JS5K8EU" failures="0" tests="3" name="com.sportyshoe.Tests.AddtoCartPageTest" time="0.851" errors="0" timestamp="2023-11-15T15:31:31 IST" skipped="0">
  <testcase classname="com.sportyshoe.Tests.AddtoCartPageTest" name="test_login" time="0.733"/>
  <system-out/>
  <testcase classname="com.sportyshoe.Tests.AddtoCartPageTest" name="test_add_product_to_cart" time="0.080"/>
  <system-out/>
  <testcase classname="com.sportyshoe.Tests.AddtoCartPageTest" name="test_validate_success_message" time="0.038"/>
  <system-out/>
</testsuite> <!-- com.sportyshoe.Tests.AddtoCartPageTest -->
