<?xml version="1.0" encoding="UTF-8"?>
<!-- Generated by org.testng.reporters.JUnitReportReporter -->
<testsuite hostname="DESKTOP-JS5K8EU" failures="0" tests="2" name="com.sportyshoe.restAssuredScripts.postandupdate" time="1.797" errors="0" timestamp="2023-11-14T16:04:32 IST" skipped="0">
  <testcase classname="com.sportyshoe.restAssuredScripts.postandupdate" name="add_new_product" time="1.765"/>
  <system-out/>
  <testcase classname="com.sportyshoe.restAssuredScripts.postandupdate" name="update_a_product" time="0.032"/>
  <system-out/>
</testsuite> <!-- com.sportyshoe.restAssuredScripts.postandupdate -->
