<?xml version="1.0" encoding="UTF-8"?>
<!-- Generated by org.testng.reporters.JUnitReportReporter -->
<testsuite hostname="DESKTOP-JS5K8EU" failures="0" tests="3" name="com.sportyshoe.Tests.OrderpageTest" time="1.749" errors="0" timestamp="2023-11-15T15:31:55 IST" skipped="0">
  <testcase classname="com.sportyshoe.Tests.OrderpageTest" name="test_login" time="1.552"/>
  <system-out/>
  <testcase classname="com.sportyshoe.Tests.OrderpageTest" name="test_click_orders" time="0.174"/>
  <system-out/>
  <testcase classname="com.sportyshoe.Tests.OrderpageTest" name="test_getTitle_page" time="0.023"/>
  <system-out/>
</testsuite> <!-- com.sportyshoe.Tests.OrderpageTest -->
