<?xml version="1.0" encoding="UTF-8"?>
<!-- Generated by org.testng.reporters.JUnitReportReporter -->
<testsuite hostname="DESKTOP-JS5K8EU" failures="0" tests="2" name="com.sportyshoe.restAssuredScripts.Get_AllShoes" time="2.646" errors="0" timestamp="2023-11-14T15:44:05 IST" skipped="0">
  <testcase classname="com.sportyshoe.restAssuredScripts.Get_AllShoes" name="Get_all_shoes" time="2.617"/>
  <system-out/>
  <testcase classname="com.sportyshoe.restAssuredScripts.Get_AllShoes" name="get_all_users" time="0.029"/>
  <system-out/>
</testsuite> <!-- com.sportyshoe.restAssuredScripts.Get_AllShoes -->
