<?xml version="1.0" encoding="UTF-8"?>
<!-- Generated by org.testng.reporters.JUnitReportReporter -->
<testsuite hostname="DESKTOP-JS5K8EU" failures="0" tests="3" name="com.sportyshoe.Tests.HomePageTest" time="1.923" errors="0" timestamp="2023-11-15T15:29:44 IST" skipped="0">
  <testcase classname="com.sportyshoe.Tests.HomePageTest" name="test_getTitle_page" time="0.031"/>
  <system-out/>
  <testcase classname="com.sportyshoe.Tests.HomePageTest" name="Test_Validate_Text_On_Page" time="0.059"/>
  <system-out/>
  <testcase classname="com.sportyshoe.Tests.HomePageTest" name="test_click_register_link" time="1.833"/>
  <system-out/>
</testsuite> <!-- com.sportyshoe.Tests.HomePageTest -->
